PS C:\DevOps\temp\astraTaskLocal-main\astraTaskLocal-main> vagrant up
Bringing machine 'compose' up with 'virtualbox' provider...
==> compose: Importing base box 'ubuntu2004'...

[K==> compose: Matching MAC address for NAT networking...
==> compose: Setting the name of the VM: astraTaskLocal-main_compose_1658370300035_24364
==> compose: Clearing any previously set network interfaces...
==> compose: Preparing network interfaces based on configuration...
    compose: Adapter 1: nat
    compose: Adapter 2: hostonly
==> compose: Forwarding ports...
    compose: 3000 (guest) => 3000 (host) (adapter 1)
    compose: 22 (guest) => 2222 (host) (adapter 1)
==> compose: Running 'pre-boot' VM customizations...
==> compose: Booting VM...
==> compose: Waiting for machine to boot. This may take a few minutes...
    compose: SSH address: 127.0.0.1:2222
    compose: SSH username: vagrant
    compose: SSH auth method: private key
    compose: Warning: Connection reset. Retrying...
    compose: 
    compose: Vagrant insecure key detected. Vagrant will automatically replace
    compose: this with a newly generated keypair for better security.
    compose: 
    compose: Inserting generated public key within guest...
    compose: Removing insecure key from the guest if it's present...
    compose: Key inserted! Disconnecting and reconnecting using new SSH key...
==> compose: Machine booted and ready!
==> compose: Checking for guest additions in VM...
    compose: The guest additions on this VM do not match the installed version of
    compose: VirtualBox! In most cases this is fine, but in rare cases it can
    compose: prevent things such as shared folders from working properly. If you see
    compose: shared folder errors, please make sure the guest additions within the
    compose: virtual machine match the version of VirtualBox you have installed on
    compose: your host and reload your VM.
    compose: 
    compose: Guest Additions Version: 6.1.34
    compose: VirtualBox Version: 6.0
==> compose: Setting hostname...
==> compose: Configuring and enabling network interfaces...
==> compose: Mounting shared folders...
    compose: /vagrant => C:/DevOps/temp/astraTaskLocal-main/astraTaskLocal-main
==> compose: Running provisioner: ansible-provision (shell)...
    compose: Running: inline script
    compose: 
    compose: WARNING: apt does not have a stable CLI interface. Use with caution in scripts.
    compose: 
    compose: Hit:1 http://archive.ubuntu.com/ubuntu focal InRelease
    compose: Get:2 http://security.ubuntu.com/ubuntu focal-security InRelease [114 kB]
    compose: Get:3 http://security.ubuntu.com/ubuntu focal-security/main amd64 Packages [1630 kB]
    compose: Get:4 http://archive.ubuntu.com/ubuntu focal-updates InRelease [114 kB]
    compose: Get:5 http://archive.ubuntu.com/ubuntu focal-backports InRelease [108 kB]
    compose: Get:6 http://archive.ubuntu.com/ubuntu focal/universe amd64 Packages [8628 kB]
    compose: Get:7 http://security.ubuntu.com/ubuntu focal-security/main Translation-en [277 kB]
    compose: Get:8 http://security.ubuntu.com/ubuntu focal-security/main amd64 c-n-f Metadata [10.8 kB]
    compose: Get:9 http://security.ubuntu.com/ubuntu focal-security/restricted amd64 Packages [1091 kB]
    compose: Get:10 http://security.ubuntu.com/ubuntu focal-security/restricted Translation-en [155 kB]
    compose: Get:11 http://security.ubuntu.com/ubuntu focal-security/universe amd64 Packages [711 kB]
    compose: Get:12 http://security.ubuntu.com/ubuntu focal-security/universe Translation-en [128 kB]
    compose: Get:13 http://security.ubuntu.com/ubuntu focal-security/universe amd64 c-n-f Metadata [14.7 kB]
    compose: Get:14 http://security.ubuntu.com/ubuntu focal-security/multiverse amd64 Packages [22.2 kB]
    compose: Get:15 http://security.ubuntu.com/ubuntu focal-security/multiverse Translation-en [5376 B]
    compose: Get:16 http://security.ubuntu.com/ubuntu focal-security/multiverse amd64 c-n-f Metadata [512 B]
    compose: Get:17 http://archive.ubuntu.com/ubuntu focal/universe Translation-en [5124 kB]
    compose: Get:18 http://archive.ubuntu.com/ubuntu focal/universe amd64 c-n-f Metadata [265 kB]
    compose: Get:19 http://archive.ubuntu.com/ubuntu focal/multiverse amd64 Packages [144 kB]
    compose: Get:20 http://archive.ubuntu.com/ubuntu focal/multiverse Translation-en [104 kB]
    compose: Get:21 http://archive.ubuntu.com/ubuntu focal/multiverse amd64 c-n-f Metadata [9136 B]
    compose: Get:22 http://archive.ubuntu.com/ubuntu focal-updates/main amd64 Packages [1990 kB]
    compose: Get:23 http://archive.ubuntu.com/ubuntu focal-updates/main Translation-en [358 kB]
    compose: Get:24 http://archive.ubuntu.com/ubuntu focal-updates/main amd64 c-n-f Metadata [15.6 kB]
    compose: Get:25 http://archive.ubuntu.com/ubuntu focal-updates/restricted amd64 Packages [1178 kB]
    compose: Get:26 http://archive.ubuntu.com/ubuntu focal-updates/restricted Translation-en [167 kB]
    compose: Get:27 http://archive.ubuntu.com/ubuntu focal-updates/universe amd64 Packages [924 kB]
    compose: Get:28 http://archive.ubuntu.com/ubuntu focal-updates/universe Translation-en [208 kB]
    compose: Get:29 http://archive.ubuntu.com/ubuntu focal-updates/universe amd64 c-n-f Metadata [20.9 kB]
    compose: Get:30 http://archive.ubuntu.com/ubuntu focal-updates/multiverse amd64 Packages [24.4 kB]
    compose: Get:31 http://archive.ubuntu.com/ubuntu focal-updates/multiverse Translation-en [7336 B]
    compose: Get:32 http://archive.ubuntu.com/ubuntu focal-updates/multiverse amd64 c-n-f Metadata [592 B]
    compose: Get:33 http://archive.ubuntu.com/ubuntu focal-backports/main amd64 Packages [44.8 kB]
    compose: Get:34 http://archive.ubuntu.com/ubuntu focal-backports/main Translation-en [11.3 kB]
    compose: Get:35 http://archive.ubuntu.com/ubuntu focal-backports/main amd64 c-n-f Metadata [976 B]
    compose: Get:36 http://archive.ubuntu.com/ubuntu focal-backports/restricted amd64 c-n-f Metadata [116 B]
    compose: Get:37 http://archive.ubuntu.com/ubuntu focal-backports/universe amd64 Packages [23.7 kB]
    compose: Get:38 http://archive.ubuntu.com/ubuntu focal-backports/universe Translation-en [15.9 kB]
    compose: Get:39 http://archive.ubuntu.com/ubuntu focal-backports/universe amd64 c-n-f Metadata [860 B]
    compose: Get:40 http://archive.ubuntu.com/ubuntu focal-backports/multiverse amd64 c-n-f Metadata [116 B]
    compose: Fetched 23.6 MB in 53s (446 kB/s)
    compose: Reading package lists...
    compose: Building dependency tree...
    compose: Reading state information...
    compose: 3 packages can be upgraded. Run 'apt list --upgradable' to see them.
    compose: Reading package lists...
    compose: Building dependency tree...
    compose: Reading state information...
    compose: The following additional packages will be installed:
    compose:   ieee-data python3-argcomplete python3-crypto python3-dnspython
    compose:   python3-jmespath python3-kerberos python3-libcloud python3-lockfile
    compose:   python3-netaddr python3-ntlm-auth python3-requests-kerberos
    compose:   python3-requests-ntlm python3-selinux python3-winrm python3-xmltodict
    compose: Suggested packages:
    compose:   cowsay sshpass python-lockfile-doc ipython3 python-netaddr-docs
    compose: The following NEW packages will be installed:
    compose:   ansible ieee-data python3-argcomplete python3-crypto python3-dnspython
    compose:   python3-jmespath python3-kerberos python3-libcloud python3-lockfile
    compose:   python3-netaddr python3-ntlm-auth python3-requests-kerberos
    compose:   python3-requests-ntlm python3-selinux python3-winrm python3-xmltodict
    compose: 0 upgraded, 16 newly installed, 0 to remove and 3 not upgraded.
    compose: Need to get 9644 kB of archives.
    compose: After this operation, 90.2 MB of additional disk space will be used.
    compose: Get:1 http://archive.ubuntu.com/ubuntu focal/main amd64 python3-crypto amd64 2.6.1-13ubuntu2 [237 kB]
    compose: Get:2 http://archive.ubuntu.com/ubuntu focal/main amd64 python3-dnspython all 1.16.0-1build1 [89.1 kB]
    compose: Get:3 http://archive.ubuntu.com/ubuntu focal/main amd64 ieee-data all 20180805.1 [1589 kB]
    compose: Get:4 http://archive.ubuntu.com/ubuntu focal-updates/main amd64 python3-netaddr all 0.7.19-3ubuntu1 [236 kB]
    compose: Get:5 http://archive.ubuntu.com/ubuntu focal/universe amd64 ansible all 2.9.6+dfsg-1 [5794 kB]
    compose: Get:6 http://archive.ubuntu.com/ubuntu focal/universe amd64 python3-argcomplete all 1.8.1-1.3ubuntu1 [27.2 kB]
    compose: Get:7 http://archive.ubuntu.com/ubuntu focal-updates/main amd64 python3-jmespath all 0.9.4-2ubuntu1 [21.5 kB]
    compose: Get:8 http://archive.ubuntu.com/ubuntu focal/universe amd64 python3-kerberos amd64 1.1.14-3.1build1 [22.6 kB]
    compose: Get:9 http://archive.ubuntu.com/ubuntu focal/main amd64 python3-lockfile all 1:0.12.2-2ubuntu2 [14.6 kB]
    compose: Get:10 http://archive.ubuntu.com/ubuntu focal/universe amd64 python3-libcloud all 2.8.0-1 [1403 kB]
    compose: Get:11 http://archive.ubuntu.com/ubuntu focal/universe amd64 python3-ntlm-auth all 1.1.0-1 [19.6 kB]
    compose: Get:12 http://archive.ubuntu.com/ubuntu focal/universe amd64 python3-requests-kerberos all 0.12.0-2 [11.9 kB]
    compose: Get:13 http://archive.ubuntu.com/ubuntu focal/universe amd64 python3-requests-ntlm all 1.1.0-1 [6004 B]
    compose: Get:14 http://archive.ubuntu.com/ubuntu focal/universe amd64 python3-selinux amd64 3.0-1build2 [139 kB]
    compose: Get:15 http://archive.ubuntu.com/ubuntu focal/universe amd64 python3-xmltodict all 0.12.0-1 [12.6 kB]
    compose: Get:16 http://archive.ubuntu.com/ubuntu focal/universe amd64 python3-winrm all 0.3.0-2 [21.7 kB]
    compose: dpkg-preconfigure: unable to re-open stdin: No such file or directory
    compose: Fetched 9644 kB in 27s (352 kB/s)
    compose: Selecting previously unselected package python3-crypto.
    compose: (Reading database ... 
(Reading database ... 5%
(Reading database ... 10%
(Reading database ... 15%
(Reading database ... 20%
(Reading database ... 25%
(Reading database ... 30%
(Reading database ... 35%
(Reading database ... 40%
(Reading database ... 45%
(Reading database ... 50%
(Reading database ... 55%
(Reading database ... 60%
(Reading database ... 65%
(Reading database ... 70%
(Reading database ... 75%
(Reading database ... 80%
(Reading database ... 85%
(Reading database ... 90%
(Reading database ... 95%
(Reading database ... 100%
(Reading database ... 63485 files and directories currently installed.)
    compose: Preparing to unpack .../00-python3-crypto_2.6.1-13ubuntu2_amd64.deb ...
    compose: Unpacking python3-crypto (2.6.1-13ubuntu2) ...
    compose: Selecting previously unselected package python3-dnspython.
    compose: Preparing to unpack .../01-python3-dnspython_1.16.0-1build1_all.deb ...
    compose: Unpacking python3-dnspython (1.16.0-1build1) ...
    compose: Selecting previously unselected package ieee-data.
    compose: Preparing to unpack .../02-ieee-data_20180805.1_all.deb ...
    compose: Unpacking ieee-data (20180805.1) ...
    compose: Selecting previously unselected package python3-netaddr.
    compose: Preparing to unpack .../03-python3-netaddr_0.7.19-3ubuntu1_all.deb ...
    compose: Unpacking python3-netaddr (0.7.19-3ubuntu1) ...
    compose: Selecting previously unselected package ansible.
    compose: Preparing to unpack .../04-ansible_2.9.6+dfsg-1_all.deb ...
    compose: Unpacking ansible (2.9.6+dfsg-1) ...
    compose: Selecting previously unselected package python3-argcomplete.
    compose: Preparing to unpack .../05-python3-argcomplete_1.8.1-1.3ubuntu1_all.deb ...
    compose: Unpacking python3-argcomplete (1.8.1-1.3ubuntu1) ...
    compose: Selecting previously unselected package python3-jmespath.
    compose: Preparing to unpack .../06-python3-jmespath_0.9.4-2ubuntu1_all.deb ...
    compose: Unpacking python3-jmespath (0.9.4-2ubuntu1) ...
    compose: Selecting previously unselected package python3-kerberos.
    compose: Preparing to unpack .../07-python3-kerberos_1.1.14-3.1build1_amd64.deb ...
    compose: Unpacking python3-kerberos (1.1.14-3.1build1) ...
    compose: Selecting previously unselected package python3-lockfile.
    compose: Preparing to unpack .../08-python3-lockfile_1%3a0.12.2-2ubuntu2_all.deb ...
    compose: Unpacking python3-lockfile (1:0.12.2-2ubuntu2) ...
    compose: Selecting previously unselected package python3-libcloud.
    compose: Preparing to unpack .../09-python3-libcloud_2.8.0-1_all.deb ...
    compose: Unpacking python3-libcloud (2.8.0-1) ...
    compose: Selecting previously unselected package python3-ntlm-auth.
    compose: Preparing to unpack .../10-python3-ntlm-auth_1.1.0-1_all.deb ...
    compose: Unpacking python3-ntlm-auth (1.1.0-1) ...
    compose: Selecting previously unselected package python3-requests-kerberos.
    compose: Preparing to unpack .../11-python3-requests-kerberos_0.12.0-2_all.deb ...
    compose: Unpacking python3-requests-kerberos (0.12.0-2) ...
    compose: Selecting previously unselected package python3-requests-ntlm.
    compose: Preparing to unpack .../12-python3-requests-ntlm_1.1.0-1_all.deb ...
    compose: Unpacking python3-requests-ntlm (1.1.0-1) ...
    compose: Selecting previously unselected package python3-selinux.
    compose: Preparing to unpack .../13-python3-selinux_3.0-1build2_amd64.deb ...
    compose: Unpacking python3-selinux (3.0-1build2) ...
    compose: Selecting previously unselected package python3-xmltodict.
    compose: Preparing to unpack .../14-python3-xmltodict_0.12.0-1_all.deb ...
    compose: Unpacking python3-xmltodict (0.12.0-1) ...
    compose: Selecting previously unselected package python3-winrm.
    compose: Preparing to unpack .../15-python3-winrm_0.3.0-2_all.deb ...
    compose: Unpacking python3-winrm (0.3.0-2) ...
    compose: Setting up python3-lockfile (1:0.12.2-2ubuntu2) ...
    compose: Setting up python3-ntlm-auth (1.1.0-1) ...
    compose: Setting up python3-kerberos (1.1.14-3.1build1) ...
    compose: Setting up python3-xmltodict (0.12.0-1) ...
    compose: Setting up python3-jmespath (0.9.4-2ubuntu1) ...
    compose: Setting up python3-requests-kerberos (0.12.0-2) ...
    compose: Setting up ieee-data (20180805.1) ...
    compose: Setting up python3-dnspython (1.16.0-1build1) ...
    compose: Setting up python3-selinux (3.0-1build2) ...
    compose: Setting up python3-crypto (2.6.1-13ubuntu2) ...
    compose: Setting up python3-argcomplete (1.8.1-1.3ubuntu1) ...
    compose: Setting up python3-requests-ntlm (1.1.0-1) ...
    compose: Setting up python3-libcloud (2.8.0-1) ...
    compose: Setting up python3-netaddr (0.7.19-3ubuntu1) ...
    compose: Setting up python3-winrm (0.3.0-2) ...
    compose: Setting up ansible (2.9.6+dfsg-1) ...
    compose: Processing triggers for man-db (2.9.1-1) ...
    compose: --2022-07-21 02:27:39--  https://github.com/prometheus/node_exporter/releases/download/v1.3.1/node_exporter-1.3.1.linux-amd64.tar.gz
    compose: Resolving github.com (github.com)... 140.82.121.3
    compose: Connecting to github.com (github.com)|140.82.121.3|:443... connected.
    compose: HTTP request sent, awaiting response... 302 Found
    compose: Location: https://objects.githubusercontent.com/github-production-release-asset-2e65be/9524057/7c60f6f9-7b41-446c-be81-a6c24a9d0383?X-Amz-Algorithm
=AWS4-HMAC-SHA256&X-Amz-Credential=AKIAIWNJYAX4CSVEH53A%2F20220721%2Fus-east-1%2Fs3%2Faws4_request&X-Amz-Date=20220721T022635Z&X-Amz-Expires=300&X-Amz-Signature
=63f456bcc841fa156509a11a3d80f25e14d655f2057d6f15a9fe10064c7d6381&X-Amz-SignedHeaders=host&actor_id=0&key_id=0&repo_id=9524057&response-content-disposition=atta
chment%3B%20filename%3Dnode_exporter-1.3.1.linux-amd64.tar.gz&response-content-type=application%2Foctet-stream [following]
    compose: --2022-07-21 02:27:39--  https://objects.githubusercontent.com/github-production-release-asset-2e65be/9524057/7c60f6f9-7b41-446c-be81-a6c24a9d0383?
X-Amz-Algorithm=AWS4-HMAC-SHA256&X-Amz-Credential=AKIAIWNJYAX4CSVEH53A%2F20220721%2Fus-east-1%2Fs3%2Faws4_request&X-Amz-Date=20220721T022635Z&X-Amz-Expires=300&
X-Amz-Signature=63f456bcc841fa156509a11a3d80f25e14d655f2057d6f15a9fe10064c7d6381&X-Amz-SignedHeaders=host&actor_id=0&key_id=0&repo_id=9524057&response-content-d
isposition=attachment%3B%20filename%3Dnode_exporter-1.3.1.linux-amd64.tar.gz&response-content-type=application%2Foctet-stream
    compose: Resolving objects.githubusercontent.com (objects.githubusercontent.com)... 185.199.109.133, 185.199.110.133, 185.199.111.133, ...
    compose: Connecting to objects.githubusercontent.com (objects.githubusercontent.com)|185.199.109.133|:443... connected.
    compose: WARNING: cannot verify objects.githubusercontent.com's certificate, issued by вЂCN=Proxy,C=RU,O=Technoserv A/S,OU=IT SupportвЂ™:
    compose:   Unable to locally verify the issuer's authority.
    compose: HTTP request sent, awaiting response... 200 OK
    compose: Length: 9033415 (8.6M) [application/octet-stream]
    compose: Saving to: вЂ/tmp/node_exporter-1.3.1.linux-amd64.tar.gzвЂ™
    compose: 
    compose:      0K .......... .......... .......... .......... ..........  0%  502K 17s
    compose:     50K .......... .......... .......... .......... ..........  1% 1.24M 12s
    compose:    100K .......... .......... .......... .......... ..........  1%  905K 11s
    compose:    150K .......... .......... .......... .......... ..........  2% 1.80M 10s
    compose:    200K .......... .......... .......... .......... ..........  2% 1.81M 9s
    compose:    250K .......... .......... .......... .......... ..........  3% 1.08M 8s
    compose:    300K .......... .......... .......... .......... ..........  3% 2.46M 8s
    compose:    350K .......... .......... .......... .......... ..........  4% 1.06M 8s
    compose:    400K .......... .......... .......... .......... ..........  5% 4.82M 7s
    compose:    450K .......... .......... .......... .......... ..........  5% 4.24M 6s
    compose:    500K .......... .......... .......... .......... ..........  6% 3.55M 6s
    compose:    550K .......... .......... .......... .......... ..........  6% 4.10M 6s
    compose:    600K .......... .......... .......... .......... ..........  7% 6.71M 5s
    compose:    650K .......... .......... .......... .......... ..........  7% 4.20M 5s
    compose:    700K .......... .......... .......... .......... ..........  8% 4.25M 5s
    compose:    750K .......... .......... .......... .......... ..........  9% 3.58M 5s
    compose:    800K .......... .......... .......... .......... ..........  9% 4.75M 4s
    compose:    850K .......... .......... .......... .......... .......... 10% 4.92M 4s
    compose:    900K .......... .......... .......... .......... .......... 10% 4.53M 4s
    compose:    950K .......... .......... .......... .......... .......... 11% 11.1M 4s
    compose:   1000K .......... .......... .......... .......... .......... 11% 5.12M 4s
    compose:   1050K .......... .......... .......... .......... .......... 12% 13.8M 4s
    compose:   1100K .......... .......... .......... .......... .......... 13% 6.23M 3s
    compose:   1150K .......... .......... .......... .......... .......... 13% 6.10M 3s
    compose:   1200K .......... .......... .......... .......... .......... 14% 13.0M 3s
    compose:   1250K .......... .......... .......... .......... .......... 14% 10.1M 3s
    compose:   1300K .......... .......... .......... .......... .......... 15% 8.64M 3s
    compose:   1350K .......... .......... .......... .......... .......... 15% 8.94M 3s
    compose:   1400K .......... .......... .......... .......... .......... 16% 17.4M 3s
    compose:   1450K .......... .......... .......... .......... .......... 17% 10.3M 3s
    compose:   1500K .......... .......... .......... .......... .......... 17% 14.0M 3s
    compose:   1550K .......... .......... .......... .......... .......... 18% 9.48M 2s
    compose:   1600K .......... .......... .......... .......... .......... 18% 6.43M 2s
    compose:   1650K .......... .......... .......... .......... .......... 19% 10.9M 2s
    compose:   1700K .......... .......... .......... .......... .......... 19% 11.2M 2s
    compose:   1750K .......... .......... .......... .......... .......... 20% 14.0M 2s
    compose:   1800K .......... .......... .......... .......... .......... 20% 2.54M 2s
    compose:   1850K .......... .......... .......... .......... .......... 21% 51.9M 2s
    compose:   1900K .......... .......... .......... .......... .......... 22% 38.6M 2s
    compose:   1950K .......... .......... .......... .......... .......... 22% 55.5M 2s
    compose:   2000K .......... .......... .......... .......... .......... 23%  107M 2s
    compose:   2050K .......... .......... .......... .......... .......... 23% 17.6M 2s
    compose:   2100K .......... .......... .......... .......... .......... 24% 4.13M 2s
    compose:   2150K .......... .......... .......... .......... .......... 24% 6.65M 2s
    compose:   2200K .......... .......... .......... .......... .......... 25% 11.2M 2s
    compose:   2250K .......... .......... .......... .......... .......... 26% 10.1M 2s
    compose:   2300K .......... .......... .......... .......... .......... 26% 14.0M 2s
    compose:   2350K .......... .......... .......... .......... .......... 27% 9.76M 2s
    compose:   2400K .......... .......... .......... .......... .......... 27% 16.0M 2s
    compose:   2450K .......... .......... .......... .......... .......... 28% 9.76M 2s
    compose:   2500K .......... .......... .......... .......... .......... 28% 13.7M 2s
    compose:   2550K .......... .......... .......... .......... .......... 29% 27.5M 2s
    compose:   2600K .......... .......... .......... .......... .......... 30% 30.5M 2s
    compose:   2650K .......... .......... .......... .......... .......... 30% 23.5M 1s
    compose:   2700K .......... .......... .......... .......... .......... 31% 13.1M 1s
    compose:   2750K .......... .......... .......... .......... .......... 31% 12.9M 1s
    compose:   2800K .......... .......... .......... .......... .......... 32% 16.4M 1s
    compose:   2850K .......... .......... .......... .......... .......... 32% 16.0M 1s
    compose:   2900K .......... .......... .......... .......... .......... 33% 15.2M 1s
    compose:   2950K .......... .......... .......... .......... .......... 34% 9.62M 1s
    compose:   3000K .......... .......... .......... .......... .......... 34% 20.8M 1s
    compose:   3050K .......... .......... .......... .......... .......... 35% 11.3M 1s
    compose:   3100K .......... .......... .......... .......... .......... 35% 25.0M 1s
    compose:   3150K .......... .......... .......... .......... .......... 36% 6.38M 1s
    compose:   3200K .......... .......... .......... .......... .......... 36% 18.3M 1s
    compose:   3250K .......... .......... .......... .......... .......... 37% 14.6M 1s
    compose:   3300K .......... .......... .......... .......... .......... 37% 14.1M 1s
    compose:   3350K .......... .......... .......... .......... .......... 38% 13.0M 1s
    compose:   3400K .......... .......... .......... .......... .......... 39% 7.47M 1s
    compose:   3450K .......... .......... .......... .......... .......... 39% 11.2M 1s
    compose:   3500K .......... .......... .......... .......... .......... 40% 23.3M 1s
    compose:   3550K .......... .......... .......... .......... .......... 40% 14.8M 1s
    compose:   3600K .......... .......... .......... .......... .......... 41% 14.3M 1s
    compose:   3650K .......... .......... .......... .......... .......... 41% 11.4M 1s
    compose:   3700K .......... .......... .......... .......... .......... 42% 12.6M 1s
    compose:   3750K .......... .......... .......... .......... .......... 43% 17.5M 1s
    compose:   3800K .......... .......... .......... .......... .......... 43% 19.8M 1s
    compose:   3850K .......... .......... .......... .......... .......... 44% 2.40M 1s
    compose:   3900K .......... .......... .......... .......... .......... 44% 23.0M 1s
    compose:   3950K .......... .......... .......... .......... .......... 45% 10.1M 1s
    compose:   4000K .......... .......... .......... .......... .......... 45% 14.5M 1s
    compose:   4050K .......... .......... .......... .......... .......... 46% 10.3M 1s
    compose:   4100K .......... .......... .......... .......... .......... 47% 13.7M 1s
    compose:   4150K .......... .......... .......... .......... .......... 47% 19.9M 1s
    compose:   4200K .......... .......... .......... .......... .......... 48% 19.7M 1s
    compose:   4250K .......... .......... .......... .......... .......... 48% 22.3M 1s
    compose:   4300K .......... .......... .......... .......... .......... 49% 12.8M 1s
    compose:   4350K .......... .......... .......... .......... .......... 49% 6.25M 1s
    compose:   4400K .......... .......... .......... .......... .......... 50% 11.7M 1s
    compose:   4450K .......... .......... .......... .......... .......... 51% 33.5M 1s
    compose:   4500K .......... .......... .......... .......... .......... 51% 16.2M 1s
    compose:   4550K .......... .......... .......... .......... .......... 52% 9.99M 1s
    compose:   4600K .......... .......... .......... .......... .......... 52% 17.6M 1s
    compose:   4650K .......... .......... .......... .......... .......... 53% 17.0M 1s
    compose:   4700K .......... .......... .......... .......... .......... 53% 13.6M 1s
    compose:   4750K .......... .......... .......... .......... .......... 54% 5.02M 1s
    compose:   4800K .......... .......... .......... .......... .......... 54% 38.1M 1s
    compose:   4850K .......... .......... .......... .......... .......... 55% 17.7M 1s
    compose:   4900K .......... .......... .......... .......... .......... 56% 23.3M 1s
    compose:   4950K .......... .......... .......... .......... .......... 56% 14.3M 1s
    compose:   5000K .......... .......... .......... .......... .......... 57% 15.8M 1s
    compose:   5050K .......... .......... .......... .......... .......... 57% 17.2M 1s
    compose:   5100K .......... .......... .......... .......... .......... 58% 11.4M 1s
    compose:   5150K .......... .......... .......... .......... .......... 58% 15.6M 1s
    compose:   5200K .......... .......... .......... .......... .......... 59% 19.6M 1s
    compose:   5250K .......... .......... .......... .......... .......... 60% 9.80M 1s
    compose:   5300K .......... .......... .......... .......... .......... 60% 14.7M 1s
    compose:   5350K .......... .......... .......... .......... .......... 61% 23.2M 1s
    compose:   5400K .......... .......... .......... .......... .......... 61% 33.9M 1s
    compose:   5450K .......... .......... .......... .......... .......... 62% 7.36M 1s
    compose:   5500K .......... .......... .......... .......... .......... 62% 25.3M 1s
    compose:   5550K .......... .......... .......... .......... .......... 63% 10.8M 1s
    compose:   5600K .......... .......... .......... .......... .......... 64% 46.7M 0s
    compose:   5650K .......... .......... .......... .......... .......... 64% 14.3M 0s
    compose:   5700K .......... .......... .......... .......... .......... 65% 16.5M 0s
    compose:   5750K .......... .......... .......... .......... .......... 65% 6.60M 0s
    compose:   5800K .......... .......... .......... .......... .......... 66% 29.1M 0s
    compose:   5850K .......... .......... .......... .......... .......... 66% 12.1M 0s
    compose:   5900K .......... .......... .......... .......... .......... 67% 12.0M 0s
    compose:   5950K .......... .......... .......... .......... .......... 68% 13.5M 0s
    compose:   6000K .......... .......... .......... .......... .......... 68% 16.0M 0s
    compose:   6050K .......... .......... .......... .......... .......... 69% 14.8M 0s
    compose:   6100K .......... .......... .......... .......... .......... 69% 17.3M 0s
    compose:   6150K .......... .......... .......... .......... .......... 70% 14.3M 0s
    compose:   6200K .......... .......... .......... .......... .......... 70% 14.1M 0s
    compose:   6250K .......... .......... .......... .......... .......... 71% 14.6M 0s
    compose:   6300K .......... .......... .......... .......... .......... 71% 13.5M 0s
    compose:   6350K .......... .......... .......... .......... .......... 72% 9.40M 0s
    compose:   6400K .......... .......... .......... .......... .......... 73% 30.3M 0s
    compose:   6450K .......... .......... .......... .......... .......... 73% 20.5M 0s
    compose:   6500K .......... .......... .......... .......... .......... 74% 17.7M 0s
    compose:   6550K .......... .......... .......... .......... .......... 74% 12.1M 0s
    compose:   6600K .......... .......... .......... .......... .......... 75% 8.95M 0s
    compose:   6650K .......... .......... .......... .......... .......... 75% 19.3M 0s
    compose:   6700K .......... .......... .......... .......... .......... 76% 8.77M 0s
    compose:   6750K .......... .......... .......... .......... .......... 77% 14.5M 0s
    compose:   6800K .......... .......... .......... .......... .......... 77% 27.4M 0s
    compose:   6850K .......... .......... .......... .......... .......... 78% 17.5M 0s
    compose:   6900K .......... .......... .......... .......... .......... 78% 16.7M 0s
    compose:   6950K .......... .......... .......... .......... .......... 79%  347K 0s
    compose:   7000K .......... .......... .......... .......... .......... 79% 15.8M 0s
    compose:   7050K .......... .......... .......... .......... .......... 80% 7.74M 0s
    compose:   7100K .......... .......... .......... .......... .......... 81% 9.81M 0s
    compose:   7150K .......... .......... .......... .......... .......... 81% 11.6M 0s
    compose:   7200K .......... .......... .......... .......... .......... 82% 9.87M 0s
    compose:   7250K .......... .......... .......... .......... .......... 82% 6.46M 0s
    compose:   7300K .......... .......... .......... .......... .......... 83% 23.1M 0s
    compose:   7350K .......... .......... .......... .......... .......... 83% 10.7M 0s
    compose:   7400K .......... .......... .......... .......... .......... 84% 30.0M 0s
    compose:   7450K .......... .......... .......... .......... .......... 85% 22.1M 0s
    compose:   7500K .......... .......... .......... .......... .......... 85% 25.2M 0s
    compose:   7550K .......... .......... .......... .......... .......... 86% 22.0M 0s
    compose:   7600K .......... .......... .......... .......... .......... 86% 46.9M 0s
    compose:   7650K .......... .......... .......... .......... .......... 87% 30.7M 0s
    compose:   7700K .......... .......... .......... .......... .......... 87% 38.8M 0s
    compose:   7750K .......... .......... .......... .......... .......... 88% 66.7M 0s
    compose:   7800K .......... .......... .......... .......... .......... 88% 58.0M 0s
    compose:   7850K .......... .......... .......... .......... .......... 89% 26.5M 0s
    compose:   7900K .......... .......... .......... .......... .......... 90% 39.9M 0s
    compose:   7950K .......... .......... .......... .......... .......... 90% 74.0M 0s
    compose:   8000K .......... .......... .......... .......... .......... 91% 73.8M 0s
    compose:   8050K .......... .......... .......... .......... .......... 91% 7.09M 0s
    compose:   8100K .......... .......... .......... .......... .......... 92% 61.8M 0s
    compose:   8150K .......... .......... .......... .......... .......... 92% 21.9M 0s
    compose:   8200K .......... .......... .......... .......... .......... 93% 50.1M 0s
    compose:   8250K .......... .......... .......... .......... .......... 94% 6.21M 0s
    compose:   8300K .......... .......... .......... .......... .......... 94% 22.2M 0s
    compose:   8350K .......... .......... .......... .......... .......... 95% 24.1M 0s
    compose:   8400K .......... .......... .......... .......... .......... 95% 26.3M 0s
    compose:   8450K .......... .......... .......... .......... .......... 96% 31.1M 0s
    compose:   8500K .......... .......... .......... .......... .......... 96% 39.5M 0s
    compose:   8550K .......... .......... .......... .......... .......... 97% 43.8M 0s
    compose:   8600K .......... .......... .......... .......... .......... 98% 9.20M 0s
    compose:   8650K .......... .......... .......... .......... .......... 98% 77.3M 0s
    compose:   8700K .......... .......... .......... .......... .......... 99% 12.6M 0s
    compose:   8750K .......... .......... .......... .......... .......... 99% 64.6M 0s
    compose:   8800K .......... .......... .                               100% 39.2M=1.2s
    compose: 
    compose: 2022-07-21 02:27:41 (7.14 MB/s) - вЂ/tmp/node_exporter-1.3.1.linux-amd64.tar.gzвЂ™ saved [9033415/9033415]
    compose: 
    compose: [WARNING]: provided hosts list is empty, only localhost is available. Note that
    compose: the implicit localhost does not match 'all'
    compose: 
    compose: PLAY [127.0.0.1] ***************************************************************
    compose: 
    compose: TASK [node_exporter : Ubuntu need to wait for sometime] ************************
    compose: Pausing for 60 seconds
    compose: (ctrl+C then 'C' = continue early, ctrl+C then 'A' = abort)
    compose: ok: [127.0.0.1]
    compose: 
    compose: TASK [node_exporter : Add user node_exporter] **********************************
    compose: changed: [127.0.0.1]
    compose: 
    compose: TASK [node_exporter : Download and extract] ************************************
    compose: changed: [127.0.0.1]
    compose: 
    compose: TASK [node_exporter : Copy bin node_exporter to /usr/local/bin] ****************
    compose: changed: [127.0.0.1]
    compose: 
    compose: TASK [node_exporter : Create service node_exporter.service] ********************
    compose: changed: [127.0.0.1]
    compose: 
    compose: TASK [node_exporter : systemctl daemon_reload] *********************************
    compose: ok: [127.0.0.1]
    compose: 
    compose: TASK [node_exporter : Start and Enable node_exporter] **************************
    compose: changed: [127.0.0.1]
    compose: 
    compose: TASK [node_exporter : Check whether port 9100 is available] ********************
    compose: ok: [127.0.0.1]
    compose: 
    compose: TASK [install Docker Repo] *****************************************************
    compose: changed: [127.0.0.1] => (item= sudo mkdir -p /etc/apt/keyrings)
    compose: changed: [127.0.0.1] => (item= curl -fsSL https://download.docker.com/linux/ubuntu/gpg | sudo gpg --dearmor -o /etc/apt/keyrings/docker.gpg)
    compose: changed: [127.0.0.1] => (item= echo "deb [arch=$(dpkg --print-architecture) signed-by=/etc/apt/keyrings/docker.gpg] https://download.docker.com/lin
ux/ubuntu $(lsb_release -cs) stable" | sudo tee /etc/apt/sources.list.d/docker.list > /dev/null)
    compose: [WARNING]: Consider using 'become', 'become_method', and 'become_user' rather
    compose: than running sudo
    compose: [WARNING]: Consider using the get_url or uri module rather than running 'curl'.
    compose: If you need to use command because get_url or uri is insufficient you can add
    compose: 'warn: false' to this command task or set 'command_warnings=False' in
    compose: ansible.cfg to get rid of this message.
    compose: 
    compose: TASK [Pause for 10 seconds to wait for apt] ************************************
    compose: Pausing for 10 seconds
    compose: (ctrl+C then 'C' = continue early, ctrl+C then 'A' = abort)
    compose: ok: [127.0.0.1]
    compose: 
    compose: TASK [update apt list] *********************************************************
    compose: changed: [127.0.0.1]
    compose: 
    compose: TASK [install docker prereq packages] ******************************************
    compose: ok: [127.0.0.1]
    compose: 
    compose: TASK [Install Docker packages on compose server] *******************************
    compose: changed: [127.0.0.1]
    compose: 
    compose: TASK [start and enable ntpd service] *******************************************
    compose: ok: [127.0.0.1]
    compose: 
    compose: TASK [Pause for 10 seconds to wait for docker] *********************************
    compose: Pausing for 10 seconds
    compose: (ctrl+C then 'C' = continue early, ctrl+C then 'A' = abort)
    compose: ok: [127.0.0.1]
    compose: 
    compose: TASK [Avoid hanging when http(s) password is missing] **************************
    compose: changed: [127.0.0.1]
    compose: 
    compose: TASK [start docker-compose] ****************************************************
    compose: changed: [127.0.0.1]
    compose: 
    compose: TASK [Allow port 3000] *********************************************************
    compose: changed: [127.0.0.1]
    compose: [WARNING]: The value 3000 (type int) in a string field was converted to '3000'
    compose: (type string). If this does not look like what you expect, quote the entire
    compose: value to ensure it does not change.
    compose: 
    compose: PLAY RECAP *********************************************************************
    compose: 127.0.0.1                  : ok=18   changed=11   unreachable=0    failed=0    skipped=0    rescued=0    ignored=0
    compose: 

PS C:\DevOps\temp\astraTaskLocal-main\astraTaskLocal-main>
